#-----------------------------------------------------------
# Vivado v2019.2 (64-bit)
# SW Build 2708876 on Wed Nov  6 21:40:23 MST 2019
# IP Build 2700528 on Thu Nov  7 00:09:20 MST 2019
# Start of session at: Wed May 27 19:05:10 2020
# Process ID: 5464
# Current directory: C:/git/VHDL/VGA_Display
# Command line: vivado.exe -gui_launcher_event rodinguilauncherevent15476 C:\git\VHDL\VGA_Display\VGA_Display.xpr
# Log file: C:/git/VHDL/VGA_Display/vivado.log
# Journal file: C:/git/VHDL/VGA_Display\vivado.jou
#-----------------------------------------------------------
start_gui
open_project C:/git/VHDL/VGA_Display/VGA_Display.xpr
INFO: [Project 1-313] Project file moved from 'C:/Users/user/VGA_Display' since last save.
CRITICAL WARNING: [Project 1-311] Could not find the file 'C:/git/VHDL/Documents/GitHub/Camera_Display/sources_1/new/System_Parameters.vhd', nor could it be found using path 'C:/Users/user/Documents/GitHub/Camera_Display/sources_1/new/System_Parameters.vhd'.
WARNING: [Project 1-312] File not found as 'C:/git/VHDL/Documents/GitHub/Camera_Display/sources_1/new/VGA_Controller.vhd'; using path 'C:/Users/user/Documents/GitHub/Camera_Display/sources_1/new/VGA_Controller.vhd' instead.
CRITICAL WARNING: [Project 1-311] Could not find the file 'C:/git/VHDL/Documents/GitHub/Camera_Display/sources_1/new/Pulse_Generator.vhd', nor could it be found using path 'C:/Users/user/Documents/GitHub/Camera_Display/sources_1/new/Pulse_Generator.vhd'.
CRITICAL WARNING: [Project 1-311] Could not find the file 'C:/git/VHDL/Documents/GitHub/Camera_Display/sources_1/new/Memory_Controller.vhd', nor could it be found using path 'C:/Users/user/Documents/GitHub/Camera_Display/sources_1/new/Memory_Controller.vhd'.
CRITICAL WARNING: [Project 1-311] Could not find the file 'C:/git/VHDL/Documents/GitHub/Camera_Display/sources_1/new/Filter_Init.vhd', nor could it be found using path 'C:/Users/user/Documents/GitHub/Camera_Display/sources_1/new/Filter_Init.vhd'.
CRITICAL WARNING: [Project 1-311] Could not find the file 'C:/git/VHDL/Documents/GitHub/Camera_Display/sources_1/new/ROM.vhd', nor could it be found using path 'C:/Users/user/Documents/GitHub/Camera_Display/sources_1/new/ROM.vhd'.
WARNING: [Project 1-312] File not found as 'C:/git/VHDL/Documents/GitHub/Camera_Display/constrs_1/new/BASYS_3.xdc'; using path 'C:/Users/user/Documents/GitHub/Camera_Display/constrs_1/new/BASYS_3.xdc' instead.
WARNING: [Project 1-312] File not found as 'C:/git/VHDL/Documents/GitHub/Camera_Display/sim_1/new/TB_VGA_Controller.vhd'; using path 'C:/Users/user/Documents/GitHub/Camera_Display/sim_1/new/TB_VGA_Controller.vhd' instead.
Scanning sources...
Finished scanning sources
WARNING: [Project 1-312] File not found as 'C:/git/VHDL/Documents/GitHub/Camera_Display/sources_1/new/VGA_Controller.vhd'; using path 'C:/Users/user/Documents/GitHub/Camera_Display/sources_1/new/VGA_Controller.vhd' instead.
WARNING: [Project 1-312] File not found as 'C:/git/VHDL/Documents/GitHub/Camera_Display/constrs_1/new/BASYS_3.xdc'; using path 'C:/Users/user/Documents/GitHub/Camera_Display/constrs_1/new/BASYS_3.xdc' instead.
WARNING: [Project 1-312] File not found as 'C:/git/VHDL/Documents/GitHub/Camera_Display/sources_1/new/VGA_Controller.vhd'; using path 'C:/Users/user/Documents/GitHub/Camera_Display/sources_1/new/VGA_Controller.vhd' instead.
WARNING: [Project 1-312] File not found as 'C:/git/VHDL/Documents/GitHub/Camera_Display/constrs_1/new/BASYS_3.xdc'; using path 'C:/Users/user/Documents/GitHub/Camera_Display/constrs_1/new/BASYS_3.xdc' instead.
INFO: [IP_Flow 19-234] Refreshing IP repositories
INFO: [IP_Flow 19-1704] No user IP repositories specified
INFO: [IP_Flow 19-2313] Loaded Vivado IP repository 'C:/Xilinx/Vivado/2019.2/data/ip'.
open_project: Time (s): cpu = 00:00:15 ; elapsed = 00:00:06 . Memory (MB): peak = 805.426 ; gain = 157.453
update_compile_order -fileset sources_1
exit
INFO: [Common 17-206] Exiting Vivado at Wed May 27 19:21:30 2020...
