Copyright 1986-2019 Xilinx, Inc. All Rights Reserved.
-----------------------------------------------------------------------------------------------------------------------------------------------------------------
| Tool Version : Vivado v.2019.2 (win64) Build 2708876 Wed Nov  6 21:40:23 MST 2019
| Date         : Sun Apr 12 17:19:30 2020
| Host         : LAPTOP-H7D3C67G running 64-bit major release  (build 9200)
| Command      : report_methodology -file Top_Level_methodology_drc_routed.rpt -pb Top_Level_methodology_drc_routed.pb -rpx Top_Level_methodology_drc_routed.rpx
| Design       : Top_Level
| Device       : xc7a35tcpg236-1
| Speed File   : -1
| Design State : Fully Routed
-----------------------------------------------------------------------------------------------------------------------------------------------------------------

Report Methodology

Table of Contents
-----------------
1. REPORT SUMMARY
2. REPORT DETAILS

1. REPORT SUMMARY
-----------------
            Netlist: netlist
          Floorplan: design_1
      Design limits: <entire design considered>
             Max violations: <unlimited>
             Violations found: 2
+----------+------------------+------------------------------------------------+------------+
| Rule     | Severity         | Description                                    | Violations |
+----------+------------------+------------------------------------------------+------------+
| TIMING-6 | Critical Warning | No common primary clock between related clocks | 2          |
+----------+------------------+------------------------------------------------+------------+

2. REPORT DETAILS
-----------------
TIMING-6#1 Critical Warning
No common primary clock between related clocks  
The clocks o_74MHz_Clock_Generator and o_74MHz_Clock_Generator_1 are related (timed together) but they have no common primary clock. The design could fail in hardware. To find a timing path between these clocks, run the following command: report_timing -from [get_clocks o_74MHz_Clock_Generator] -to [get_clocks o_74MHz_Clock_Generator_1]
Related violations: <none>

TIMING-6#2 Critical Warning
No common primary clock between related clocks  
The clocks o_74MHz_Clock_Generator_1 and o_74MHz_Clock_Generator are related (timed together) but they have no common primary clock. The design could fail in hardware. To find a timing path between these clocks, run the following command: report_timing -from [get_clocks o_74MHz_Clock_Generator_1] -to [get_clocks o_74MHz_Clock_Generator]
Related violations: <none>


