
*** Running vivado
    with args -log ALU.vdi -applog -m64 -product Vivado -messageDb vivado.pb -mode batch -source ALU.tcl -notrace


****** Vivado v2019.2 (64-bit)
  **** SW Build 2708876 on Wed Nov  6 21:40:23 MST 2019
  **** IP Build 2700528 on Thu Nov  7 00:09:20 MST 2019
    ** Copyright 1986-2019 Xilinx, Inc. All Rights Reserved.

source ALU.tcl -notrace
Command: link_design -top ALU -part xc7a35tcpg236-1
Design is defaulting to srcset: sources_1
Design is defaulting to constrset: constrs_1
INFO: [Device 21-403] Loading part xc7a35tcpg236-1
Netlist sorting complete. Time (s): cpu = 00:00:00 ; elapsed = 00:00:00.015 . Memory (MB): peak = 603.070 ; gain = 0.000
INFO: [Project 1-479] Netlist was created with Vivado 2019.2
INFO: [Project 1-570] Preparing netlist for logic optimization
Netlist sorting complete. Time (s): cpu = 00:00:00 ; elapsed = 00:00:00.001 . Memory (MB): peak = 684.496 ; gain = 0.000
INFO: [Project 1-111] Unisim Transformation Summary:
No Unisim elements were transformed.

4 Infos, 0 Warnings, 0 Critical Warnings and 0 Errors encountered.
link_design completed successfully
link_design: Time (s): cpu = 00:00:10 ; elapsed = 00:00:11 . Memory (MB): peak = 712.398 ; gain = 402.059
Command: opt_design
Attempting to get a license for feature 'Implementation' and/or device 'xc7a35t'
INFO: [Common 17-349] Got license for feature 'Implementation' and/or device 'xc7a35t'
Running DRC as a precondition to command opt_design

Starting DRC Task
INFO: [DRC 23-27] Running DRC with 2 threads
INFO: [Project 1-461] DRC finished with 0 Errors
INFO: [Project 1-462] Please refer to the DRC report (report_drc) for more information.

Time (s): cpu = 00:00:01 ; elapsed = 00:00:00.885 . Memory (MB): peak = 736.043 ; gain = 23.645

Starting Cache Timing Information Task
INFO: [Timing 38-35] Done setting XDC timing constraints.
Ending Cache Timing Information Task | Checksum: 1818971de

Time (s): cpu = 00:00:12 ; elapsed = 00:00:12 . Memory (MB): peak = 1280.664 ; gain = 544.621

Starting Logic Optimization Task

Phase 1 Retarget
INFO: [Opt 31-138] Pushed 0 inverter(s) to 0 load pin(s).
INFO: [Opt 31-49] Retargeted 0 cell(s).
Phase 1 Retarget | Checksum: 1818971de

Time (s): cpu = 00:00:00 ; elapsed = 00:00:00.073 . Memory (MB): peak = 1465.852 ; gain = 0.000
INFO: [Opt 31-389] Phase Retarget created 0 cells and removed 0 cells

Phase 2 Constant propagation
INFO: [Opt 31-138] Pushed 0 inverter(s) to 0 load pin(s).
Phase 2 Constant propagation | Checksum: 1818971de

Time (s): cpu = 00:00:00 ; elapsed = 00:00:00.081 . Memory (MB): peak = 1465.852 ; gain = 0.000
INFO: [Opt 31-389] Phase Constant propagation created 0 cells and removed 0 cells

Phase 3 Sweep
Phase 3 Sweep | Checksum: 1818971de

Time (s): cpu = 00:00:00 ; elapsed = 00:00:00.105 . Memory (MB): peak = 1465.852 ; gain = 0.000
INFO: [Opt 31-389] Phase Sweep created 0 cells and removed 0 cells

Phase 4 BUFG optimization
INFO: [Opt 31-1112] Starts optimizing BUFG(s) with a common MMCM/DPLL/XPLL driver.
INFO: [Opt 31-1112] Starts optimizing BUFG(s) with a common driver.
INFO: [Opt 31-1092] Phase BUFG optimization transformed 0 BUFG(s) to MBUFG(s).
Phase 4 BUFG optimization | Checksum: 1818971de

Time (s): cpu = 00:00:00 ; elapsed = 00:00:00.124 . Memory (MB): peak = 1465.852 ; gain = 0.000
INFO: [Opt 31-662] Phase BUFG optimization created 0 cells of which 0 are BUFGs and removed 0 cells.

Phase 5 Shift Register Optimization
INFO: [Opt 31-1064] SRL Remap converted 0 SRLs to 0 registers and converted 0 registers of register chains to 0 SRLs
Phase 5 Shift Register Optimization | Checksum: 1818971de

Time (s): cpu = 00:00:00 ; elapsed = 00:00:00.140 . Memory (MB): peak = 1465.852 ; gain = 0.000
INFO: [Opt 31-389] Phase Shift Register Optimization created 0 cells and removed 0 cells

Phase 6 Post Processing Netlist
Phase 6 Post Processing Netlist | Checksum: 1818971de

Time (s): cpu = 00:00:00 ; elapsed = 00:00:00.148 . Memory (MB): peak = 1465.852 ; gain = 0.000
INFO: [Opt 31-389] Phase Post Processing Netlist created 0 cells and removed 0 cells
Opt_design Change Summary
=========================


-------------------------------------------------------------------------------------------------------------------------
|  Phase                        |  #Cells created  |  #Cells Removed  |  #Constrained objects preventing optimizations  |
-------------------------------------------------------------------------------------------------------------------------
|  Retarget                     |               0  |               0  |                                              0  |
|  Constant propagation         |               0  |               0  |                                              0  |
|  Sweep                        |               0  |               0  |                                              0  |
|  BUFG optimization            |               0  |               0  |                                              0  |
|  Shift Register Optimization  |               0  |               0  |                                              0  |
|  Post Processing Netlist      |               0  |               0  |                                              0  |
-------------------------------------------------------------------------------------------------------------------------



Starting Connectivity Check Task

Time (s): cpu = 00:00:00 ; elapsed = 00:00:00.002 . Memory (MB): peak = 1465.852 ; gain = 0.000
Ending Logic Optimization Task | Checksum: 1818971de

Time (s): cpu = 00:00:00 ; elapsed = 00:00:00.154 . Memory (MB): peak = 1465.852 ; gain = 0.000

Starting Power Optimization Task
INFO: [Pwropt 34-132] Skipping clock gating for clocks with a period < 2.00 ns.
Ending Power Optimization Task | Checksum: 1818971de

Time (s): cpu = 00:00:00 ; elapsed = 00:00:00.011 . Memory (MB): peak = 1465.852 ; gain = 0.000

Starting Final Cleanup Task
Ending Final Cleanup Task | Checksum: 1818971de

Time (s): cpu = 00:00:00 ; elapsed = 00:00:00 . Memory (MB): peak = 1465.852 ; gain = 0.000

Starting Netlist Obfuscation Task
Netlist sorting complete. Time (s): cpu = 00:00:00 ; elapsed = 00:00:00.001 . Memory (MB): peak = 1465.852 ; gain = 0.000
Ending Netlist Obfuscation Task | Checksum: 1818971de

Time (s): cpu = 00:00:00 ; elapsed = 00:00:00.001 . Memory (MB): peak = 1465.852 ; gain = 0.000
INFO: [Common 17-83] Releasing license: Implementation
24 Infos, 0 Warnings, 0 Critical Warnings and 0 Errors encountered.
opt_design completed successfully
opt_design: Time (s): cpu = 00:00:16 ; elapsed = 00:00:16 . Memory (MB): peak = 1465.852 ; gain = 753.453
Netlist sorting complete. Time (s): cpu = 00:00:00 ; elapsed = 00:00:00.001 . Memory (MB): peak = 1465.852 ; gain = 0.000
WARNING: [Constraints 18-5210] No constraints selected for write.
Resolution: This message can indicate that there are no constraints for the design, or it can indicate that the used_in flags are set such that the constraints are ignored. This later case is used when running synth_design to not write synthesis constraints to the resulting checkpoint. Instead, project constraints are read when the synthesized design is opened.
INFO: [Common 17-1381] The checkpoint 'C:/git/VHDL/ALU/ALU.runs/impl_1/ALU_opt.dcp' has been generated.
INFO: [runtcl-4] Executing : report_drc -file ALU_drc_opted.rpt -pb ALU_drc_opted.pb -rpx ALU_drc_opted.rpx
Command: report_drc -file ALU_drc_opted.rpt -pb ALU_drc_opted.pb -rpx ALU_drc_opted.rpx
INFO: [IP_Flow 19-234] Refreshing IP repositories
INFO: [IP_Flow 19-1704] No user IP repositories specified
INFO: [IP_Flow 19-2313] Loaded Vivado IP repository 'C:/Xilinx/Vivado/2019.2/data/ip'.
INFO: [DRC 23-27] Running DRC with 2 threads
INFO: [Coretcl 2-168] The results of DRC are in file C:/git/VHDL/ALU/ALU.runs/impl_1/ALU_drc_opted.rpt.
report_drc completed successfully
Command: place_design
Attempting to get a license for feature 'Implementation' and/or device 'xc7a35t'
INFO: [Common 17-349] Got license for feature 'Implementation' and/or device 'xc7a35t'
INFO: [DRC 23-27] Running DRC with 2 threads
INFO: [Vivado_Tcl 4-198] DRC finished with 0 Errors
INFO: [Vivado_Tcl 4-199] Please refer to the DRC report (report_drc) for more information.
Running DRC as a precondition to command place_design
INFO: [DRC 23-27] Running DRC with 2 threads
INFO: [Vivado_Tcl 4-198] DRC finished with 0 Errors
INFO: [Vivado_Tcl 4-199] Please refer to the DRC report (report_drc) for more information.

Starting Placer Task
INFO: [Place 30-611] Multithreading enabled for place_design using a maximum of 2 CPUs

Phase 1 Placer Initialization

Phase 1.1 Placer Initialization Netlist Sorting
Netlist sorting complete. Time (s): cpu = 00:00:00 ; elapsed = 00:00:00.001 . Memory (MB): peak = 1465.852 ; gain = 0.000
Phase 1.1 Placer Initialization Netlist Sorting | Checksum: f8cbb340

Time (s): cpu = 00:00:00 ; elapsed = 00:00:00.005 . Memory (MB): peak = 1465.852 ; gain = 0.000
Netlist sorting complete. Time (s): cpu = 00:00:00 ; elapsed = 00:00:00.002 . Memory (MB): peak = 1465.852 ; gain = 0.000

Phase 1.2 IO Placement/ Clock Placement/ Build Placer Device
ERROR: [Place 30-415] IO Placement failed due to overutilization. This design contains 199 I/O ports
 while the target  device: 7a35t package: cpg236, contains only 106 available user I/O. The target device has 106 usable I/O pins of which 0 are already occupied by user-locked I/Os.
 To rectify this issue:
 1. Ensure you are targeting the correct device and package.  Select a larger device or different package if necessary.
 2. Check the top-level ports of the design to ensure the correct number of ports are specified.
 3. Consider design changes to reduce the number of I/Os necessary.
INFO: [Timing 38-35] Done setting XDC timing constraints.
ERROR: [Place 30-68] Instance A_IBUF[0]_inst (IBUF) is not placed
ERROR: [Place 30-68] Instance A_IBUF[10]_inst (IBUF) is not placed
ERROR: [Place 30-68] Instance A_IBUF[11]_inst (IBUF) is not placed
ERROR: [Place 30-68] Instance A_IBUF[12]_inst (IBUF) is not placed
ERROR: [Place 30-68] Instance A_IBUF[13]_inst (IBUF) is not placed
ERROR: [Place 30-68] Instance A_IBUF[14]_inst (IBUF) is not placed
ERROR: [Place 30-68] Instance A_IBUF[15]_inst (IBUF) is not placed
ERROR: [Place 30-68] Instance A_IBUF[16]_inst (IBUF) is not placed
ERROR: [Place 30-68] Instance A_IBUF[17]_inst (IBUF) is not placed
ERROR: [Place 30-68] Instance A_IBUF[18]_inst (IBUF) is not placed
ERROR: [Place 30-68] Instance A_IBUF[19]_inst (IBUF) is not placed
ERROR: [Place 30-68] Instance A_IBUF[1]_inst (IBUF) is not placed
ERROR: [Place 30-68] Instance A_IBUF[20]_inst (IBUF) is not placed
ERROR: [Place 30-68] Instance A_IBUF[21]_inst (IBUF) is not placed
ERROR: [Place 30-68] Instance A_IBUF[22]_inst (IBUF) is not placed
ERROR: [Place 30-68] Instance A_IBUF[23]_inst (IBUF) is not placed
ERROR: [Place 30-68] Instance A_IBUF[24]_inst (IBUF) is not placed
ERROR: [Place 30-68] Instance A_IBUF[25]_inst (IBUF) is not placed
ERROR: [Place 30-68] Instance A_IBUF[26]_inst (IBUF) is not placed
ERROR: [Place 30-68] Instance A_IBUF[27]_inst (IBUF) is not placed
ERROR: [Place 30-68] Instance A_IBUF[28]_inst (IBUF) is not placed
ERROR: [Place 30-68] Instance A_IBUF[29]_inst (IBUF) is not placed
ERROR: [Place 30-68] Instance A_IBUF[2]_inst (IBUF) is not placed
ERROR: [Place 30-68] Instance A_IBUF[30]_inst (IBUF) is not placed
ERROR: [Place 30-68] Instance A_IBUF[31]_inst (IBUF) is not placed
ERROR: [Place 30-68] Instance A_IBUF[32]_inst (IBUF) is not placed
ERROR: [Place 30-68] Instance A_IBUF[33]_inst (IBUF) is not placed
ERROR: [Place 30-68] Instance A_IBUF[34]_inst (IBUF) is not placed
ERROR: [Place 30-68] Instance A_IBUF[35]_inst (IBUF) is not placed
ERROR: [Place 30-68] Instance A_IBUF[36]_inst (IBUF) is not placed
ERROR: [Place 30-68] Instance A_IBUF[37]_inst (IBUF) is not placed
ERROR: [Place 30-68] Instance A_IBUF[38]_inst (IBUF) is not placed
ERROR: [Place 30-68] Instance A_IBUF[39]_inst (IBUF) is not placed
ERROR: [Place 30-68] Instance A_IBUF[3]_inst (IBUF) is not placed
ERROR: [Place 30-68] Instance A_IBUF[40]_inst (IBUF) is not placed
ERROR: [Place 30-68] Instance A_IBUF[41]_inst (IBUF) is not placed
ERROR: [Place 30-68] Instance A_IBUF[42]_inst (IBUF) is not placed
ERROR: [Place 30-68] Instance A_IBUF[43]_inst (IBUF) is not placed
ERROR: [Place 30-68] Instance A_IBUF[44]_inst (IBUF) is not placed
ERROR: [Place 30-68] Instance A_IBUF[45]_inst (IBUF) is not placed
ERROR: [Place 30-68] Instance A_IBUF[46]_inst (IBUF) is not placed
ERROR: [Place 30-68] Instance A_IBUF[47]_inst (IBUF) is not placed
ERROR: [Place 30-68] Instance A_IBUF[48]_inst (IBUF) is not placed
ERROR: [Place 30-68] Instance A_IBUF[49]_inst (IBUF) is not placed
ERROR: [Place 30-68] Instance A_IBUF[4]_inst (IBUF) is not placed
ERROR: [Place 30-68] Instance A_IBUF[50]_inst (IBUF) is not placed
ERROR: [Place 30-68] Instance A_IBUF[51]_inst (IBUF) is not placed
ERROR: [Place 30-68] Instance A_IBUF[52]_inst (IBUF) is not placed
ERROR: [Place 30-68] Instance A_IBUF[53]_inst (IBUF) is not placed
ERROR: [Place 30-68] Instance A_IBUF[54]_inst (IBUF) is not placed
ERROR: [Place 30-68] Instance A_IBUF[55]_inst (IBUF) is not placed
ERROR: [Place 30-68] Instance A_IBUF[56]_inst (IBUF) is not placed
ERROR: [Place 30-68] Instance A_IBUF[57]_inst (IBUF) is not placed
ERROR: [Place 30-68] Instance A_IBUF[58]_inst (IBUF) is not placed
ERROR: [Place 30-68] Instance A_IBUF[59]_inst (IBUF) is not placed
ERROR: [Place 30-68] Instance A_IBUF[5]_inst (IBUF) is not placed
ERROR: [Place 30-68] Instance A_IBUF[60]_inst (IBUF) is not placed
ERROR: [Place 30-68] Instance A_IBUF[61]_inst (IBUF) is not placed
ERROR: [Place 30-68] Instance A_IBUF[62]_inst (IBUF) is not placed
ERROR: [Place 30-68] Instance A_IBUF[63]_inst (IBUF) is not placed
ERROR: [Place 30-68] Instance A_IBUF[6]_inst (IBUF) is not placed
ERROR: [Place 30-68] Instance A_IBUF[7]_inst (IBUF) is not placed
ERROR: [Place 30-68] Instance A_IBUF[8]_inst (IBUF) is not placed
ERROR: [Place 30-68] Instance A_IBUF[9]_inst (IBUF) is not placed
ERROR: [Place 30-68] Instance B_IBUF[0]_inst (IBUF) is not placed
ERROR: [Place 30-68] Instance B_IBUF[10]_inst (IBUF) is not placed
ERROR: [Place 30-68] Instance B_IBUF[11]_inst (IBUF) is not placed
ERROR: [Place 30-68] Instance B_IBUF[12]_inst (IBUF) is not placed
ERROR: [Place 30-68] Instance B_IBUF[13]_inst (IBUF) is not placed
ERROR: [Place 30-68] Instance B_IBUF[14]_inst (IBUF) is not placed
ERROR: [Place 30-68] Instance B_IBUF[15]_inst (IBUF) is not placed
ERROR: [Place 30-68] Instance B_IBUF[16]_inst (IBUF) is not placed
ERROR: [Place 30-68] Instance B_IBUF[17]_inst (IBUF) is not placed
ERROR: [Place 30-68] Instance B_IBUF[18]_inst (IBUF) is not placed
ERROR: [Place 30-68] Instance B_IBUF[19]_inst (IBUF) is not placed
ERROR: [Place 30-68] Instance B_IBUF[1]_inst (IBUF) is not placed
ERROR: [Place 30-68] Instance B_IBUF[20]_inst (IBUF) is not placed
ERROR: [Place 30-68] Instance B_IBUF[21]_inst (IBUF) is not placed
ERROR: [Place 30-68] Instance B_IBUF[22]_inst (IBUF) is not placed
ERROR: [Place 30-68] Instance B_IBUF[23]_inst (IBUF) is not placed
ERROR: [Place 30-68] Instance B_IBUF[24]_inst (IBUF) is not placed
ERROR: [Place 30-68] Instance B_IBUF[25]_inst (IBUF) is not placed
ERROR: [Place 30-68] Instance B_IBUF[26]_inst (IBUF) is not placed
ERROR: [Place 30-68] Instance B_IBUF[27]_inst (IBUF) is not placed
ERROR: [Place 30-68] Instance B_IBUF[28]_inst (IBUF) is not placed
ERROR: [Place 30-68] Instance B_IBUF[29]_inst (IBUF) is not placed
ERROR: [Place 30-68] Instance B_IBUF[2]_inst (IBUF) is not placed
ERROR: [Place 30-68] Instance B_IBUF[30]_inst (IBUF) is not placed
ERROR: [Place 30-68] Instance B_IBUF[31]_inst (IBUF) is not placed
ERROR: [Place 30-68] Instance B_IBUF[32]_inst (IBUF) is not placed
ERROR: [Place 30-68] Instance B_IBUF[33]_inst (IBUF) is not placed
ERROR: [Place 30-68] Instance B_IBUF[34]_inst (IBUF) is not placed
ERROR: [Place 30-68] Instance B_IBUF[35]_inst (IBUF) is not placed
ERROR: [Place 30-68] Instance B_IBUF[36]_inst (IBUF) is not placed
ERROR: [Place 30-68] Instance B_IBUF[37]_inst (IBUF) is not placed
ERROR: [Place 30-68] Instance B_IBUF[38]_inst (IBUF) is not placed
ERROR: [Place 30-68] Instance B_IBUF[39]_inst (IBUF) is not placed
ERROR: [Place 30-68] Instance B_IBUF[3]_inst (IBUF) is not placed
ERROR: [Place 30-68] Instance B_IBUF[40]_inst (IBUF) is not placed
ERROR: [Place 30-68] Instance B_IBUF[41]_inst (IBUF) is not placed
INFO: [Common 17-14] Message 'Place 30-68' appears 100 times and further instances of the messages will be disabled. Use the Tcl command set_msg_config to change the current settings.
Phase 1.2 IO Placement/ Clock Placement/ Build Placer Device | Checksum: ccb3d4fa

Time (s): cpu = 00:00:01 ; elapsed = 00:00:00.672 . Memory (MB): peak = 1465.852 ; gain = 0.000
Phase 1 Placer Initialization | Checksum: ccb3d4fa

Time (s): cpu = 00:00:01 ; elapsed = 00:00:00.673 . Memory (MB): peak = 1465.852 ; gain = 0.000
ERROR: [Place 30-99] Placer failed with error: 'IO Clock Placer failed'
Please review all ERROR, CRITICAL WARNING, and WARNING messages during placement to understand the cause for failure.
Ending Placer Task | Checksum: ccb3d4fa

Time (s): cpu = 00:00:01 ; elapsed = 00:00:00.673 . Memory (MB): peak = 1465.852 ; gain = 0.000
INFO: [Common 17-83] Releasing license: Implementation
42 Infos, 1 Warnings, 0 Critical Warnings and 103 Errors encountered.
place_design failed
ERROR: [Common 17-69] Command failed: Placer could not place all instances
INFO: [Common 17-206] Exiting Vivado at Sun May 23 19:00:29 2021...
